<?xml version="1.0" encoding="UTF-8"?>
<!-- Generated by org.testng.reporters.JUnitReportReporter -->
<testsuite hostname="DESKTOP-L558MLK" failures="0" tests="1" name="add_course_test.Test_Add_Course" time="13.358" errors="0" timestamp="3 Dec 2022 22:25:50 GMT">
  <testcase classname="add_course_test.Test_Add_Course" name="test" time="13.358"/>
</testsuite> <!-- add_course_test.Test_Add_Course -->
